<?xml version="1.0" encoding="UTF-8"?>
<flow xmlns="http://www.springframework.org/schema/webflow"
      xmlns:xsi="http://www.w3.org/2001/XMLSchema-instance"
      xsi:schemaLocation="
      	http://www.springframework.org/schema/webflow
      	http://www.springframework.org/schema/webflow/spring-webflow-2.0.xsd">

	<on-start>
		<evaluate expression="testService.createFlowValue()" result="flowScope.testValue" />
	</on-start>
	
	<view-state id="welcome" model="testValue" view="flows/test/welcome">
		<transition on="proceed" to="proceed" />
		<transition on="cancel" to="cancel" bind="false" />
	</view-state>

	<view-state id="proceed" model="testValue" view="flows/test/proceed">
		<transition on="cancel" to="cancel" bind="false" />
	</view-state>


	<end-state id="cancel" />

</flow>
